<?xml version="1.0" encoding="UTF-8"?>
<testng-results skipped="0" failed="0" ignored="0" total="1" passed="1">
  <reporter-output>
  </reporter-output>
  <suite name="Surefire suite" duration-ms="204" started-at="2020-04-13T18:41:47 IST" finished-at="2020-04-13T18:41:47 IST">
    <groups>
    </groups>
    <test name="Surefire test" duration-ms="204" started-at="2020-04-13T18:41:47 IST" finished-at="2020-04-13T18:41:47 IST">
      <class name="Tiwari.Cucumber.AppTest">
        <test-method status="PASS" signature="shouldAnswerWithTrue()" name="shouldAnswerWithTrue" duration-ms="54" started-at="2020-04-13T18:41:47 IST" finished-at="2020-04-13T18:41:47 IST">
          <reporter-output>
          </reporter-output>
        </test-method> <!-- shouldAnswerWithTrue -->
      </class> <!-- Tiwari.Cucumber.AppTest -->
    </test> <!-- Surefire test -->
  </suite> <!-- Surefire suite -->
</testng-results>
